VR BOWLING/Library/Bee/Android/Prj/Mono2x/Gradle/unityLibrary/build/outputs/logs/manifest-merger-release-report.txt
-- Merging decision tree log ---
manifest
ADDED from src/main/AndroidManifest.xml:2:1-32:12
INJECTED from src/main/AndroidManifest.xml:2:1-32:12
INJECTED from src/main/AndroidManifest.xml:2:1-32:12
	package
		ADDED from src/main/AndroidManifest.xml:2:70-98
		INJECTED from src/main/AndroidManifest.xml
		INJECTED from src/main/AndroidManifest.xml
	xmlns:tools
		ADDED from src/main/AndroidManifest.xml:2:99-145
	xmlns:android
		ADDED from src/main/AndroidManifest.xml:2:11-69
	android:installLocation
		ADDED from src/main/AndroidManifest.xml:2:146-176
uses-permission#android.permission.INTERNET
ADDED from src/main/AndroidManifest.xml:3:3-65
	android:name
		ADDED from src/main/AndroidManifest.xml:3:20-62
uses-feature#0x00030000
ADDED from src/main/AndroidManifest.xml:4:3-52
	android:glEsVersion
		ADDED from src/main/AndroidManifest.xml:4:17-49
uses-feature#android.hardware.vulkan.version
ADDED from src/main/AndroidManifest.xml:5:3-91
	android:required
		ADDED from src/main/AndroidManifest.xml:5:64-88
	android:name
		ADDED from src/main/AndroidManifest.xml:5:17-63
uses-feature#android.hardware.touchscreen
ADDED from src/main/AndroidManifest.xml:6:3-88
	android:required
		ADDED from src/main/AndroidManifest.xml:6:61-85
	android:name
		ADDED from src/main/AndroidManifest.xml:6:17-60
uses-feature#android.hardware.touchscreen.multitouch
ADDED from src/main/AndroidManifest.xml:7:3-99
	android:required
		ADDED from src/main/AndroidManifest.xml:7:72-96
	android:name
		ADDED from src/main/AndroidManifest.xml:7:17-71
uses-feature#android.hardware.touchscreen.multitouch.distinct
ADDED from src/main/AndroidManifest.xml:8:3-108
	android:required
		ADDED from src/main/AndroidManifest.xml:8:81-105
	android:name
		ADDED from src/main/AndroidManifest.xml:8:17-80
application
ADDED from src/main/AndroidManifest.xml:9:3-30:17
	android:extractNativeLibs
		ADDED from src/main/AndroidManifest.xml:9:16-48
meta-data#unity.splash-mode
ADDED from src/main/AndroidManifest.xml:10:5-69
	android:value
		ADDED from src/main/AndroidManifest.xml:10:49-66
	android:name
		ADDED from src/main/AndroidManifest.xml:10:16-48
meta-data#unity.splash-enable
ADDED from src/main/AndroidManifest.xml:11:5-74
	android:value
		ADDED from src/main/AndroidManifest.xml:11:51-71
	android:name
		ADDED from src/main/AndroidManifest.xml:11:16-50
meta-data#unity.launch-fullscreen
ADDED from src/main/AndroidManifest.xml:12:5-78
	android:value
		ADDED from src/main/AndroidManifest.xml:12:55-75
	android:name
		ADDED from src/main/AndroidManifest.xml:12:16-54
meta-data#notch.config
ADDED from src/main/AndroidManifest.xml:13:5-81
	android:value
		ADDED from src/main/AndroidManifest.xml:13:44-78
	android:name
		ADDED from src/main/AndroidManifest.xml:13:16-43
meta-data#unity.auto-report-fully-drawn
ADDED from src/main/AndroidManifest.xml:14:5-84
	android:value
		ADDED from src/main/AndroidManifest.xml:14:61-81
	android:name
		ADDED from src/main/AndroidManifest.xml:14:16-60
activity#com.unity3d.player.UnityPlayerActivity
ADDED from src/main/AndroidManifest.xml:15:5-24:16
	android:screenOrientation
		ADDED from src/main/AndroidManifest.xml:15:134-171
	android:launchMode
		ADDED from src/main/AndroidManifest.xml:15:172-203
	android:hardwareAccelerated
		ADDED from src/main/AndroidManifest.xml:15:341-376
	android:exported
		ADDED from src/main/AndroidManifest.xml:15:377-400
	android:resizeableActivity
		ADDED from src/main/AndroidManifest.xml:15:306-340
	android:configChanges
		ADDED from src/main/AndroidManifest.xml:15:204-305
	android:theme
		ADDED from src/main/AndroidManifest.xml:15:69-133
	android:name
		ADDED from src/main/AndroidManifest.xml:15:15-68
intent-filter#action:name:android.intent.action.MAIN+category:name:android.intent.category.LAUNCHER+category:name:com.oculus.intent.category.VR
ADDED from src/main/AndroidManifest.xml:16:7-20:23
category#android.intent.category.LAUNCHER
ADDED from src/main/AndroidManifest.xml:17:9-69
	android:name
		ADDED from src/main/AndroidManifest.xml:17:19-66
action#android.intent.action.MAIN
ADDED from src/main/AndroidManifest.xml:18:9-61
	android:name
		ADDED from src/main/AndroidManifest.xml:18:17-58
category#com.oculus.intent.category.VR
ADDED from src/main/AndroidManifest.xml:19:9-66
	android:name
		ADDED from src/main/AndroidManifest.xml:19:19-63
meta-data#unityplayer.UnityActivity
ADDED from src/main/AndroidManifest.xml:21:7-82
	android:value
		ADDED from src/main/AndroidManifest.xml:21:59-79
	android:name
		ADDED from src/main/AndroidManifest.xml:21:18-58
meta-data#notch_support
ADDED from src/main/AndroidManifest.xml:22:7-70
	android:value
		ADDED from src/main/AndroidManifest.xml:22:47-67
	android:name
		ADDED from src/main/AndroidManifest.xml:22:18-46
meta-data#com.oculus.vr.focusaware
ADDED from src/main/AndroidManifest.xml:23:7-81
	android:value
		ADDED from src/main/AndroidManifest.xml:23:58-78
	android:name
		ADDED from src/main/AndroidManifest.xml:23:18-57
meta-data#com.samsung.android.vr.application.mode
ADDED from src/main/AndroidManifest.xml:25:5-97
	android:value
		ADDED from src/main/AndroidManifest.xml:25:71-94
	android:name
		ADDED from src/main/AndroidManifest.xml:25:16-70
meta-data#com.unity.xr.oculus.LowOverheadMode
ADDED from src/main/AndroidManifest.xml:26:5-91
	android:value
		ADDED from src/main/AndroidManifest.xml:26:67-88
	android:name
		ADDED from src/main/AndroidManifest.xml:26:16-66
meta-data#com.unity.xr.oculus.LateLatching
ADDED from src/main/AndroidManifest.xml:27:5-88
	android:value
		ADDED from src/main/AndroidManifest.xml:27:64-85
	android:name
		ADDED from src/main/AndroidManifest.xml:27:16-63
meta-data#com.unity.xr.oculus.LateLatchingDebug
ADDED from src/main/AndroidManifest.xml:28:5-93
	android:value
		ADDED from src/main/AndroidManifest.xml:28:69-90
	android:name
		ADDED from src/main/AndroidManifest.xml:28:16-68
meta-data#com.oculus.supportedDevices
ADDED from src/main/AndroidManifest.xml:29:5-84
	android:value
		ADDED from src/main/AndroidManifest.xml:29:59-81
	android:name
		ADDED from src/main/AndroidManifest.xml:29:16-58
uses-feature#android.hardware.vr.headtracking
ADDED from src/main/AndroidManifest.xml:31:3-111
	android:version
		ADDED from src/main/AndroidManifest.xml:31:89-108
	android:required
		ADDED from src/main/AndroidManifest.xml:31:65-88
	android:name
		ADDED from src/main/AndroidManifest.xml:31:17-64
uses-sdk
INJECTED from src/main/AndroidManifest.xml reason: use-sdk injection requested
INJECTED from src/main/AndroidManifest.xml
INJECTED from src/main/AndroidManifest.xml
INJECTED from src/main/AndroidManifest.xml
INJECTED from src/main/AndroidManifest.xml
	android:targetSdkVersion
		INJECTED from src/main/AndroidManifest.xml
		ADDED from src/main/AndroidManifest.xml
		INJECTED from src/main/AndroidManifest.xml
	android:minSdkVersion
		INJECTED from src/main/AndroidManifest.xml
		ADDED from src/main/AndroidManifest.xml
		INJECTED from src/main/AndroidManifest.xml